mode: set
fullcycle-auction_go/configuration/logger/logger.go:12.13,27.2 2 0
fullcycle-auction_go/configuration/logger/logger.go:29.46,32.2 2 0
fullcycle-auction_go/configuration/logger/logger.go:34.58,38.2 3 0
fullcycle-auction_go/configuration/database/mongodb/connection.go:16.73,22.16 4 0
fullcycle-auction_go/configuration/database/mongodb/connection.go:22.16,25.3 2 0
fullcycle-auction_go/configuration/database/mongodb/connection.go:27.2,27.46 1 0
fullcycle-auction_go/configuration/database/mongodb/connection.go:27.46,30.3 2 0
fullcycle-auction_go/configuration/database/mongodb/connection.go:32.2,32.44 1 0
fullcycle-auction_go/cmd/auction/main.go:21.13,24.58 2 0
fullcycle-auction_go/cmd/auction/main.go:24.58,27.3 2 0
fullcycle-auction_go/cmd/auction/main.go:29.2,30.16 2 0
fullcycle-auction_go/cmd/auction/main.go:30.16,33.3 2 0
fullcycle-auction_go/cmd/auction/main.go:35.2,47.21 10 0
fullcycle-auction_go/cmd/auction/main.go:53.59,66.2 7 0
fullcycle-auction_go/configuration/rest_err/rest_err.go:20.34,22.2 1 0
fullcycle-auction_go/configuration/rest_err/rest_err.go:24.73,25.27 1 0
fullcycle-auction_go/configuration/rest_err/rest_err.go:26.21,27.51 1 0
fullcycle-auction_go/configuration/rest_err/rest_err.go:28.19,29.49 1 0
fullcycle-auction_go/configuration/rest_err/rest_err.go:30.10,31.55 1 0
fullcycle-auction_go/configuration/rest_err/rest_err.go:35.68,42.2 1 0
fullcycle-auction_go/configuration/rest_err/rest_err.go:44.54,51.2 1 0
fullcycle-auction_go/configuration/rest_err/rest_err.go:53.48,60.2 1 0
fullcycle-auction_go/internal/entity/auction_entity/auction_entity.go:12.72,23.43 2 0
fullcycle-auction_go/internal/entity/auction_entity/auction_entity.go:23.43,25.3 1 0
fullcycle-auction_go/internal/entity/auction_entity/auction_entity.go:27.2,27.21 1 0
fullcycle-auction_go/internal/entity/auction_entity/auction_entity.go:30.61,35.26 1 0
fullcycle-auction_go/internal/entity/auction_entity/auction_entity.go:35.26,37.3 1 0
fullcycle-auction_go/internal/entity/auction_entity/auction_entity.go:39.2,39.12 1 0
fullcycle-auction_go/internal/infra/api/web/controller/auction_controller/create_auction_controller.go:16.102,20.2 1 0
fullcycle-auction_go/internal/infra/api/web/controller/auction_controller/create_auction_controller.go:22.59,25.59 2 0
fullcycle-auction_go/internal/infra/api/web/controller/auction_controller/create_auction_controller.go:25.59,30.3 3 0
fullcycle-auction_go/internal/infra/api/web/controller/auction_controller/create_auction_controller.go:32.2,33.16 2 0
fullcycle-auction_go/internal/infra/api/web/controller/auction_controller/create_auction_controller.go:33.16,38.3 3 0
fullcycle-auction_go/internal/infra/api/web/controller/auction_controller/create_auction_controller.go:40.2,40.30 1 0
fullcycle-auction_go/internal/infra/api/web/controller/auction_controller/find_auction_controller.go:13.61,16.49 2 0
fullcycle-auction_go/internal/infra/api/web/controller/auction_controller/find_auction_controller.go:16.49,24.3 3 0
fullcycle-auction_go/internal/infra/api/web/controller/auction_controller/find_auction_controller.go:26.2,27.16 2 0
fullcycle-auction_go/internal/infra/api/web/controller/auction_controller/find_auction_controller.go:27.16,31.3 3 0
fullcycle-auction_go/internal/infra/api/web/controller/auction_controller/find_auction_controller.go:33.2,33.36 1 0
fullcycle-auction_go/internal/infra/api/web/controller/auction_controller/find_auction_controller.go:36.58,42.20 5 0
fullcycle-auction_go/internal/infra/api/web/controller/auction_controller/find_auction_controller.go:42.20,46.3 3 0
fullcycle-auction_go/internal/infra/api/web/controller/auction_controller/find_auction_controller.go:48.2,50.16 2 0
fullcycle-auction_go/internal/infra/api/web/controller/auction_controller/find_auction_controller.go:50.16,54.3 3 0
fullcycle-auction_go/internal/infra/api/web/controller/auction_controller/find_auction_controller.go:56.2,56.33 1 0
fullcycle-auction_go/internal/infra/api/web/controller/auction_controller/find_auction_controller.go:59.71,62.49 2 0
fullcycle-auction_go/internal/infra/api/web/controller/auction_controller/find_auction_controller.go:62.49,70.3 3 0
fullcycle-auction_go/internal/infra/api/web/controller/auction_controller/find_auction_controller.go:72.2,73.16 2 0
fullcycle-auction_go/internal/infra/api/web/controller/auction_controller/find_auction_controller.go:73.16,77.3 3 0
fullcycle-auction_go/internal/infra/api/web/controller/auction_controller/find_auction_controller.go:79.2,79.36 1 0
fullcycle-auction_go/internal/entity/bid_entity/bid_entity.go:18.96,27.39 2 0
fullcycle-auction_go/internal/entity/bid_entity/bid_entity.go:27.39,29.3 1 0
fullcycle-auction_go/internal/entity/bid_entity/bid_entity.go:31.2,31.17 1 0
fullcycle-auction_go/internal/entity/bid_entity/bid_entity.go:34.56,35.48 1 0
fullcycle-auction_go/internal/entity/bid_entity/bid_entity.go:35.48,37.3 1 0
fullcycle-auction_go/internal/entity/bid_entity/bid_entity.go:37.8,37.58 1 0
fullcycle-auction_go/internal/entity/bid_entity/bid_entity.go:37.58,39.3 1 0
fullcycle-auction_go/internal/entity/bid_entity/bid_entity.go:39.8,39.26 1 0
fullcycle-auction_go/internal/entity/bid_entity/bid_entity.go:39.26,41.3 1 0
fullcycle-auction_go/internal/entity/bid_entity/bid_entity.go:43.2,43.12 1 0
fullcycle-auction_go/internal/infra/api/web/controller/bid_controller/create_bid_controller.go:16.82,20.2 1 0
fullcycle-auction_go/internal/infra/api/web/controller/bid_controller/create_bid_controller.go:22.51,25.55 2 0
fullcycle-auction_go/internal/infra/api/web/controller/bid_controller/create_bid_controller.go:25.55,30.3 3 0
fullcycle-auction_go/internal/infra/api/web/controller/bid_controller/create_bid_controller.go:32.2,33.16 2 0
fullcycle-auction_go/internal/infra/api/web/controller/bid_controller/create_bid_controller.go:33.16,38.3 3 0
fullcycle-auction_go/internal/infra/api/web/controller/bid_controller/create_bid_controller.go:40.2,40.30 1 0
fullcycle-auction_go/internal/infra/api/web/controller/bid_controller/find_bid_controller.go:11.60,14.49 2 0
fullcycle-auction_go/internal/infra/api/web/controller/bid_controller/find_bid_controller.go:14.49,22.3 3 0
fullcycle-auction_go/internal/infra/api/web/controller/bid_controller/find_bid_controller.go:24.2,25.16 2 0
fullcycle-auction_go/internal/infra/api/web/controller/bid_controller/find_bid_controller.go:25.16,29.3 3 0
fullcycle-auction_go/internal/infra/api/web/controller/bid_controller/find_bid_controller.go:31.2,31.38 1 0
fullcycle-auction_go/internal/infra/api/web/controller/user_controller/find_user_controller.go:16.87,20.2 1 0
fullcycle-auction_go/internal/infra/api/web/controller/user_controller/find_user_controller.go:22.55,25.46 2 0
fullcycle-auction_go/internal/infra/api/web/controller/user_controller/find_user_controller.go:25.46,33.3 3 0
fullcycle-auction_go/internal/infra/api/web/controller/user_controller/find_user_controller.go:35.2,36.16 2 0
fullcycle-auction_go/internal/infra/api/web/controller/user_controller/find_user_controller.go:36.16,40.3 3 0
fullcycle-auction_go/internal/infra/api/web/controller/user_controller/find_user_controller.go:42.2,42.33 1 0
fullcycle-auction_go/internal/infra/api/web/validation/validation.go:19.13,20.71 1 0
fullcycle-auction_go/internal/infra/api/web/validation/validation.go:20.71,25.3 4 0
fullcycle-auction_go/internal/infra/api/web/validation/validation.go:28.58,32.41 3 0
fullcycle-auction_go/internal/infra/api/web/validation/validation.go:32.41,34.3 1 0
fullcycle-auction_go/internal/infra/api/web/validation/validation.go:34.8,34.55 1 0
fullcycle-auction_go/internal/infra/api/web/validation/validation.go:34.55,37.65 2 0
fullcycle-auction_go/internal/infra/api/web/validation/validation.go:37.65,42.4 1 0
fullcycle-auction_go/internal/infra/api/web/validation/validation.go:44.3,44.77 1 0
fullcycle-auction_go/internal/infra/api/web/validation/validation.go:45.8,47.3 1 0
fullcycle-auction_go/internal/infra/database/auction/create_auction.go:25.72,29.2 1 0
fullcycle-auction_go/internal/infra/database/auction/create_auction.go:33.71,44.16 3 0
fullcycle-auction_go/internal/infra/database/auction/create_auction.go:44.16,47.3 2 0
fullcycle-auction_go/internal/infra/database/auction/create_auction.go:49.2,49.12 1 0
fullcycle-auction_go/internal/infra/database/auction/find_auction.go:15.91,19.87 3 0
fullcycle-auction_go/internal/infra/database/auction/find_auction.go:19.87,22.3 2 0
fullcycle-auction_go/internal/infra/database/auction/find_auction.go:24.2,32.8 1 0
fullcycle-auction_go/internal/infra/database/auction/find_auction.go:39.80,42.17 2 0
fullcycle-auction_go/internal/infra/database/auction/find_auction.go:42.17,44.3 1 0
fullcycle-auction_go/internal/infra/database/auction/find_auction.go:46.2,46.20 1 0
fullcycle-auction_go/internal/infra/database/auction/find_auction.go:46.20,48.3 1 0
fullcycle-auction_go/internal/infra/database/auction/find_auction.go:50.2,50.23 1 0
fullcycle-auction_go/internal/infra/database/auction/find_auction.go:50.23,52.3 1 0
fullcycle-auction_go/internal/infra/database/auction/find_auction.go:54.2,55.16 2 0
fullcycle-auction_go/internal/infra/database/auction/find_auction.go:55.16,58.3 2 0
fullcycle-auction_go/internal/infra/database/auction/find_auction.go:59.2,62.56 3 0
fullcycle-auction_go/internal/infra/database/auction/find_auction.go:62.56,65.3 2 0
fullcycle-auction_go/internal/infra/database/auction/find_auction.go:67.2,68.40 2 0
fullcycle-auction_go/internal/infra/database/auction/find_auction.go:68.40,78.3 1 0
fullcycle-auction_go/internal/infra/database/auction/find_auction.go:80.2,80.28 1 0
fullcycle-auction_go/internal/internal_error/internal_error.go:8.41,10.2 1 0
fullcycle-auction_go/internal/internal_error/internal_error.go:12.54,17.2 1 0
fullcycle-auction_go/internal/internal_error/internal_error.go:19.60,24.2 1 0
fullcycle-auction_go/internal/internal_error/internal_error.go:26.56,31.2 1 0
fullcycle-auction_go/internal/infra/database/user/find_user.go:24.66,28.2 1 0
fullcycle-auction_go/internal/infra/database/user/find_user.go:31.89,36.16 4 0
fullcycle-auction_go/internal/infra/database/user/find_user.go:36.16,37.43 1 0
fullcycle-auction_go/internal/infra/database/user/find_user.go:37.43,41.4 2 0
fullcycle-auction_go/internal/infra/database/user/find_user.go:43.3,44.91 2 0
fullcycle-auction_go/internal/infra/database/user/find_user.go:47.2,52.24 2 0
fullcycle-auction_go/internal/usecase/auction_usecase/create_auction_usecase.go:36.81,41.2 1 0
fullcycle-auction_go/internal/usecase/auction_usecase/create_auction_usecase.go:71.62,77.16 2 0
fullcycle-auction_go/internal/usecase/auction_usecase/create_auction_usecase.go:77.16,79.3 1 0
fullcycle-auction_go/internal/usecase/auction_usecase/create_auction_usecase.go:81.2,82.29 1 0
fullcycle-auction_go/internal/usecase/auction_usecase/create_auction_usecase.go:82.29,84.3 1 0
fullcycle-auction_go/internal/usecase/auction_usecase/create_auction_usecase.go:86.2,86.12 1 0
fullcycle-auction_go/internal/usecase/auction_usecase/find_auction_usecase.go:12.85,14.16 2 0
fullcycle-auction_go/internal/usecase/auction_usecase/find_auction_usecase.go:14.16,16.3 1 0
fullcycle-auction_go/internal/usecase/auction_usecase/find_auction_usecase.go:18.2,26.8 1 0
fullcycle-auction_go/internal/usecase/auction_usecase/find_auction_usecase.go:32.84,35.16 2 0
fullcycle-auction_go/internal/usecase/auction_usecase/find_auction_usecase.go:35.16,37.3 1 0
fullcycle-auction_go/internal/usecase/auction_usecase/find_auction_usecase.go:39.2,40.40 2 0
fullcycle-auction_go/internal/usecase/auction_usecase/find_auction_usecase.go:40.40,50.3 1 0
fullcycle-auction_go/internal/usecase/auction_usecase/find_auction_usecase.go:52.2,52.28 1 0
fullcycle-auction_go/internal/usecase/auction_usecase/find_auction_usecase.go:57.75,59.16 2 0
fullcycle-auction_go/internal/usecase/auction_usecase/find_auction_usecase.go:59.16,61.3 1 0
fullcycle-auction_go/internal/usecase/auction_usecase/find_auction_usecase.go:63.2,74.16 3 0
fullcycle-auction_go/internal/usecase/auction_usecase/find_auction_usecase.go:74.16,80.3 2 0
fullcycle-auction_go/internal/usecase/auction_usecase/find_auction_usecase.go:82.2,93.8 2 0
fullcycle-auction_go/internal/usecase/bid_usecase/create_bid_usecase.go:36.86,51.2 5 0
fullcycle-auction_go/internal/usecase/bid_usecase/create_bid_usecase.go:67.65,68.12 1 0
fullcycle-auction_go/internal/usecase/bid_usecase/create_bid_usecase.go:68.12,71.7 2 0
fullcycle-auction_go/internal/usecase/bid_usecase/create_bid_usecase.go:71.7,72.11 1 0
fullcycle-auction_go/internal/usecase/bid_usecase/create_bid_usecase.go:73.42,74.12 1 0
fullcycle-auction_go/internal/usecase/bid_usecase/create_bid_usecase.go:74.12,75.27 1 0
fullcycle-auction_go/internal/usecase/bid_usecase/create_bid_usecase.go:75.27,76.71 1 0
fullcycle-auction_go/internal/usecase/bid_usecase/create_bid_usecase.go:76.71,78.8 1 0
fullcycle-auction_go/internal/usecase/bid_usecase/create_bid_usecase.go:80.6,80.12 1 0
fullcycle-auction_go/internal/usecase/bid_usecase/create_bid_usecase.go:83.5,85.41 2 0
fullcycle-auction_go/internal/usecase/bid_usecase/create_bid_usecase.go:85.41,86.70 1 0
fullcycle-auction_go/internal/usecase/bid_usecase/create_bid_usecase.go:86.70,88.7 1 0
fullcycle-auction_go/internal/usecase/bid_usecase/create_bid_usecase.go:90.6,91.44 2 0
fullcycle-auction_go/internal/usecase/bid_usecase/create_bid_usecase.go:93.22,94.69 1 0
fullcycle-auction_go/internal/usecase/bid_usecase/create_bid_usecase.go:94.69,96.6 1 0
fullcycle-auction_go/internal/usecase/bid_usecase/create_bid_usecase.go:97.5,98.43 2 0
fullcycle-auction_go/internal/usecase/bid_usecase/create_bid_usecase.go:106.57,109.16 2 0
fullcycle-auction_go/internal/usecase/bid_usecase/create_bid_usecase.go:109.16,111.3 1 0
fullcycle-auction_go/internal/usecase/bid_usecase/create_bid_usecase.go:113.2,115.12 2 0
fullcycle-auction_go/internal/usecase/bid_usecase/create_bid_usecase.go:118.46,121.16 3 0
fullcycle-auction_go/internal/usecase/bid_usecase/create_bid_usecase.go:121.16,123.3 1 0
fullcycle-auction_go/internal/usecase/bid_usecase/create_bid_usecase.go:125.2,125.17 1 0
fullcycle-auction_go/internal/usecase/bid_usecase/create_bid_usecase.go:128.28,130.16 2 0
fullcycle-auction_go/internal/usecase/bid_usecase/create_bid_usecase.go:130.16,132.3 1 0
fullcycle-auction_go/internal/usecase/bid_usecase/create_bid_usecase.go:134.2,134.14 1 0
fullcycle-auction_go/internal/usecase/bid_usecase/find_bid_usecase.go:9.89,11.16 2 0
fullcycle-auction_go/internal/usecase/bid_usecase/find_bid_usecase.go:11.16,13.3 1 0
fullcycle-auction_go/internal/usecase/bid_usecase/find_bid_usecase.go:15.2,16.30 2 0
fullcycle-auction_go/internal/usecase/bid_usecase/find_bid_usecase.go:16.30,24.3 1 0
fullcycle-auction_go/internal/usecase/bid_usecase/find_bid_usecase.go:26.2,26.27 1 0
fullcycle-auction_go/internal/usecase/bid_usecase/find_bid_usecase.go:30.88,32.16 2 0
fullcycle-auction_go/internal/usecase/bid_usecase/find_bid_usecase.go:32.16,34.3 1 0
fullcycle-auction_go/internal/usecase/bid_usecase/find_bid_usecase.go:36.2,44.23 2 0
fullcycle-auction_go/internal/infra/database/bid/create_bid.go:35.110,45.2 1 0
fullcycle-auction_go/internal/infra/database/bid/create_bid.go:49.62,51.34 2 0
fullcycle-auction_go/internal/infra/database/bid/create_bid.go:51.34,53.36 2 0
fullcycle-auction_go/internal/infra/database/bid/create_bid.go:53.36,72.29 9 0
fullcycle-auction_go/internal/infra/database/bid/create_bid.go:72.29,74.79 2 0
fullcycle-auction_go/internal/infra/database/bid/create_bid.go:74.79,76.6 1 0
fullcycle-auction_go/internal/infra/database/bid/create_bid.go:78.5,78.75 1 0
fullcycle-auction_go/internal/infra/database/bid/create_bid.go:78.75,81.6 2 0
fullcycle-auction_go/internal/infra/database/bid/create_bid.go:83.5,83.11 1 0
fullcycle-auction_go/internal/infra/database/bid/create_bid.go:86.4,87.18 2 0
fullcycle-auction_go/internal/infra/database/bid/create_bid.go:87.18,90.5 2 0
fullcycle-auction_go/internal/infra/database/bid/create_bid.go:91.4,91.56 1 0
fullcycle-auction_go/internal/infra/database/bid/create_bid.go:91.56,93.5 1 0
fullcycle-auction_go/internal/infra/database/bid/create_bid.go:95.4,103.74 7 0
fullcycle-auction_go/internal/infra/database/bid/create_bid.go:103.74,106.5 2 0
fullcycle-auction_go/internal/infra/database/bid/create_bid.go:109.2,110.12 2 0
fullcycle-auction_go/internal/infra/database/bid/create_bid.go:113.41,116.16 3 0
fullcycle-auction_go/internal/infra/database/bid/create_bid.go:116.16,118.3 1 0
fullcycle-auction_go/internal/infra/database/bid/create_bid.go:120.2,120.17 1 0
fullcycle-auction_go/internal/infra/database/bid/find_bid.go:15.91,19.16 3 0
fullcycle-auction_go/internal/infra/database/bid/find_bid.go:19.16,24.3 2 0
fullcycle-auction_go/internal/infra/database/bid/find_bid.go:26.2,27.59 2 0
fullcycle-auction_go/internal/infra/database/bid/find_bid.go:27.59,32.3 2 0
fullcycle-auction_go/internal/infra/database/bid/find_bid.go:34.2,35.50 2 0
fullcycle-auction_go/internal/infra/database/bid/find_bid.go:35.50,43.3 1 0
fullcycle-auction_go/internal/infra/database/bid/find_bid.go:45.2,45.25 1 0
fullcycle-auction_go/internal/infra/database/bid/find_bid.go:49.90,54.89 4 0
fullcycle-auction_go/internal/infra/database/bid/find_bid.go:54.89,57.3 2 0
fullcycle-auction_go/internal/infra/database/bid/find_bid.go:59.2,65.8 1 0
fullcycle-auction_go/internal/usecase/user_usecase/find_user_usecase.go:9.94,13.2 1 0
fullcycle-auction_go/internal/usecase/user_usecase/find_user_usecase.go:31.82,33.16 2 0
fullcycle-auction_go/internal/usecase/user_usecase/find_user_usecase.go:33.16,35.3 1 0
fullcycle-auction_go/internal/usecase/user_usecase/find_user_usecase.go:37.2,40.8 1 0
